<html xmlns:math="http://exslt.org/math" xmlns:testng="http://testng.org">
   <head>
      <title>TestNG Results</title>
      <meta http-equiv="content-type" content="text/html; charset=utf-8"></meta>
      <meta http-equiv="pragma" content="no-cache"></meta>
      <meta http-equiv="cache-control" content="max-age=0"></meta>
      <meta http-equiv="cache-control" content="no-cache"></meta>
      <meta http-equiv="cache-control" content="no-store"></meta>
      <LINK rel="stylesheet" href="style.css"></LINK>
      <script type="text/javascript" src="main.js"></script>
   </head>
   <body>
      <table width="100%" style="font-size: 16px; margin-bottom: 10px;" cellspacing="1">
         <tr>
            <td width="100%">
               All methods in suite
               
               <b>Suite</b>
            </td>
            <td style="background-color: #FFBBBB; padding: 3px 3px 3px 0;" align="center">
               <div style="width: 50px;">2</div>
            </td>
            <td style="background-color: lightgreen; padding: 3px 3px 3px 0;" align="center">
               <div style="width: 50px;">0</div>
            </td>
            <td style="background-color: #FFFFBB; padding: 3px 3px 3px 0;" align="center">
               <div style="width: 50px;">0</div>
            </td>
            <td align="center" style="background-color: #eaf0f7; padding: 3px 3px 3px 0;">
               <div style="width: 50px;">2</div>
            </td>
            <td align="center"
                style="font-weight: bold; background-color: #eaf0f7; padding: 3px 3px 3px 0;">
               <div style="width: 50px;">0%</div>
            </td>
            <td style="background-color: #eaf0f7; padding: 3px 3px 3px 0;" align="center"
                nowrap="true">2m
               6s
               
            </td>
         </tr>
      </table>
      <div style="width: 200px;">
         <label for="groupMethodsCheckBox" style="font-weight: bold; margin: 0;">
            <input id="groupMethodsCheckBox" type="checkbox" onclick="switchTestMethodsView(this)"></input>
            Group by class
            
         </label>
         <br></br>
         <label for="methodsFilter_ALL" style="font-weight: bold; margin: 0;">
            <input id="methodsFilter_ALL" type="checkbox"
                   onclick="testMethodsFilterChanged(this, 'ALL')"></input>
            All
            
         </label>
      </div>
      <label for="methodsFilter_FAIL" style="margin-left: 20px;">
         <input id="methodsFilter_FAIL" type="checkbox"
                onclick="testMethodsFilterChanged(this, 'FAIL')"
                checked=""></input>
         Failed
         
      </label>
      <label for="methodsFilter_PASS">
         <input id="methodsFilter_PASS" type="checkbox"
                onclick="testMethodsFilterChanged(this, 'PASS')"
                checked=""></input>
         Passed
         
      </label>
      <label for="methodsFilter_SKIP">
         <input id="methodsFilter_SKIP" type="checkbox"
                onclick="testMethodsFilterChanged(this, 'SKIP')"
                checked=""></input>
         Skipped
         
      </label>
      <label for="methodsFilter_CONF">
         <input id="methodsFilter_CONF" type="checkbox"
                onclick="testMethodsFilterChanged(this, 'CONF')"></input>
         Config
         
      </label>
      <br></br>
      <div id="testMethodsByStatus">
         <table class="testMethodsTable" cellpadding="0" cellspacing="0">
            <tr class="methodsTableHeader">
               <td width="100%">Name</td>
               <td nowrap="true">Started</td>
               <td nowrap="true">Duration</td>
               <td>Exception</td>
            </tr>
            <tr id="Testcases.First_LearnTestcases_byStatus_failed_FAIL1_row"
                class="testMethodStatusFAIL">
               <td width="100%" class="firstMethodCell">
                  <a onclick="toggleDetailsVisibility('Testcases.First_LearnTestcases_byStatus_failed_FAIL1_details')">LearnTestcases(Y
                     
                     ,
                     
                     Check for the select course test is displayed or Not
                     
                     ,
                     
                     TC_1
                     
                     ,
                     
                     Select a course
                     
                     ,
                     
                     
                     
                     ,
                     
                     Please create an account to track your progress and get personalized analysis for Test and Video completion.)
                  </a>
               </td>
               <td nowrap="true">15:06:47</td>
               <td nowrap="true" align="right">5s
                  
               </td>
               <td nowrap="true">
                  <a onclick="toggleDetailsVisibility('Testcases.First_LearnTestcases_byStatus_failed_FAIL1_exception')">org.openqa.selenium.NoSuchElementException: 
                     Can't locate an element by this strategy: Locator map: 
                     - native content: "By.xpath: //android.widget.RelativeLayout[@index='1']" 
                     - html content: "by id or name "Selectcourse7th""
                     For documentation on this error, please visit: http://seleniumhq.org/exceptions/no_such_element.html
                     Build info: version: '2.47.1', revision: '411b314', time: '2015-07-30 02:56:46'
                     System info: host: 'TNLINDDSK183', ip: '192.168.56.1', os.name: 'Windows 7', os.arch: 'amd64', os.version: '6.1', java.version:
                     '1.7.0_71'
                     Driver info: driver.version: unknown
                     
                  </a>
                   
                  
               </td>
            </tr>
            <tr>
               <td colspan="4" class="detailsBox">
                  <div id="Testcases.First_LearnTestcases_byStatus_failed_FAIL1_details"
                       class="testMethodDetails">
                     <div>
                        <b>Name: </b>LearnTestcases
                     </div>
                     <div>
                        <b>Signature: </b>LearnTestcases(java.lang.String, java.lang.String, java.lang.String, java.lang.String, java.lang.String, java.lang.String)[pri:0,
                        instance:Testcases.First@27e33378]
                     </div>
                     <div>
                        <b>Parameters: </b>
                        
                        Y
                        
                        ,
                        
                        Check for the select course test is displayed or Not
                        
                        ,
                        
                        TC_1
                        
                        ,
                        
                        Select a course
                        
                        ,
                        
                        
                        
                        ,
                        
                        Please create an account to track your progress and get personalized analysis for Test and Video completion.
                        
                        
                     </div>
                     <div>
                        <b>Start time: </b>15:06:47
                     </div>
                     <div>
                        <b>End time: </b>15:06:52
                     </div>
                     <div>
                        <b>Duration: </b>5s
                        
                     </div>
                  </div>
               </td>
            </tr>
            <tr>
               <td colspan="4" class="detailsBox">
                  <div id="Testcases.First_LearnTestcases_byStatus_failed_FAIL1_exception"
                       class="testMethodDetails">
                     <pre style="padding: 5px; margin: 0;">org.openqa.selenium.NoSuchElementException: Can't locate an element by this strategy: Locator map: 
                        - native content: "By.xpath: //android.widget.RelativeLayout[@index='1']" 
                        - html content: "by id or name "Selectcourse7th""
                        For documentation on this error, please visit: http://seleniumhq.org/exceptions/no_such_element.html
                        Build info: version: '2.47.1', revision: '411b314', time: '2015-07-30 02:56:46'
                        System info: host: 'TNLINDDSK183', ip: '192.168.56.1', os.name: 'Windows 7', os.arch: 'amd64', os.version: '6.1', java.version:
                        '1.7.0_71'
                        Driver info: driver.version: unknown
                        	at io.appium.java_client.pagefactory.AppiumElementLocator.findElement(AppiumElementLocator.java:185)
                        	at io.appium.java_client.pagefactory.ElementInterceptor.intercept(ElementInterceptor.java:46)
                        	at io.appium.java_client.android.AndroidElement$$EnhancerByCGLIB$$c823a655.click(&lt;generated&gt;)
                        	at BaseMethods.Selectcoursepage.click7th(Selectcoursepage.java:58)
                        	at Testcases.First.LearnTestcases(First.java:80)
                        	at sun.reflect.NativeMethodAccessorImpl.invoke0(Native Method)
                        	at sun.reflect.NativeMethodAccessorImpl.invoke(NativeMethodAccessorImpl.java:57)
                        	at sun.reflect.DelegatingMethodAccessorImpl.invoke(DelegatingMethodAccessorImpl.java:43)
                        	at java.lang.reflect.Method.invoke(Method.java:606)
                        	at org.testng.internal.MethodInvocationHelper.invokeMethod(MethodInvocationHelper.java:84)
                        	at org.testng.internal.Invoker.invokeMethod(Invoker.java:714)
                        	at org.testng.internal.Invoker.invokeTestMethod(Invoker.java:901)
                        	at org.testng.internal.Invoker.invokeTestMethods(Invoker.java:1231)
                        	at org.testng.internal.TestMethodWorker.invokeTestMethods(TestMethodWorker.java:127)
                        	at org.testng.internal.TestMethodWorker.run(TestMethodWorker.java:111)
                        	at org.testng.TestRunner.privateRun(TestRunner.java:767)
                        	at org.testng.TestRunner.run(TestRunner.java:617)
                        	at org.testng.SuiteRunner.runTest(SuiteRunner.java:334)
                        	at org.testng.SuiteRunner.runSequentially(SuiteRunner.java:329)
                        	at org.testng.SuiteRunner.privateRun(SuiteRunner.java:291)
                        	at org.testng.SuiteRunner.run(SuiteRunner.java:240)
                        	at org.testng.SuiteRunnerWorker.runSuite(SuiteRunnerWorker.java:52)
                        	at org.testng.SuiteRunnerWorker.run(SuiteRunnerWorker.java:86)
                        	at org.testng.TestNG.runSuitesSequentially(TestNG.java:1224)
                        	at org.testng.TestNG.runSuitesLocally(TestNG.java:1149)
                        	at org.testng.TestNG.run(TestNG.java:1057)
                        	at org.testng.TestNG.privateMain(TestNG.java:1364)
                        	at org.testng.TestNG.main(TestNG.java:1333)
                     </pre>
                  </div>
               </td>
            </tr>
            <tr id="Testcases.First_LearnTestcases_byStatus_failed_FAIL2_row"
                class="testMethodStatusFAIL">
               <td width="100%" class="firstMethodCell">
                  <a onclick="toggleDetailsVisibility('Testcases.First_LearnTestcases_byStatus_failed_FAIL2_details')">LearnTestcases(Y
                     
                     ,
                     
                     Check for the select course test is displayed or Not
                     
                     ,
                     
                     TC_2
                     
                     ,
                     
                     
                     
                     ,
                     
                     
                     
                     ,
                     
                     djsjsfkdjfkdsgnfjgbh)
                  </a>
               </td>
               <td nowrap="true">15:07:50</td>
               <td nowrap="true" align="right">5s
                  
               </td>
               <td nowrap="true">
                  <a onclick="toggleDetailsVisibility('Testcases.First_LearnTestcases_byStatus_failed_FAIL2_exception')">org.openqa.selenium.NoSuchElementException: 
                     Can't locate an element by this strategy: Locator map: 
                     - native content: "By.xpath: //android.widget.RelativeLayout[@index='1']" 
                     - html content: "by id or name "Selectcourse7th""
                     For documentation on this error, please visit: http://seleniumhq.org/exceptions/no_such_element.html
                     Build info: version: '2.47.1', revision: '411b314', time: '2015-07-30 02:56:46'
                     System info: host: 'TNLINDDSK183', ip: '192.168.56.1', os.name: 'Windows 7', os.arch: 'amd64', os.version: '6.1', java.version:
                     '1.7.0_71'
                     Driver info: driver.version: unknown
                     
                  </a>
                   
                  
               </td>
            </tr>
            <tr>
               <td colspan="4" class="detailsBox">
                  <div id="Testcases.First_LearnTestcases_byStatus_failed_FAIL2_details"
                       class="testMethodDetails">
                     <div>
                        <b>Name: </b>LearnTestcases
                     </div>
                     <div>
                        <b>Signature: </b>LearnTestcases(java.lang.String, java.lang.String, java.lang.String, java.lang.String, java.lang.String, java.lang.String)[pri:0,
                        instance:Testcases.First@27e33378]
                     </div>
                     <div>
                        <b>Parameters: </b>
                        
                        Y
                        
                        ,
                        
                        Check for the select course test is displayed or Not
                        
                        ,
                        
                        TC_2
                        
                        ,
                        
                        
                        
                        ,
                        
                        
                        
                        ,
                        
                        djsjsfkdjfkdsgnfjgbh
                        
                        
                     </div>
                     <div>
                        <b>Start time: </b>15:07:50
                     </div>
                     <div>
                        <b>End time: </b>15:07:55
                     </div>
                     <div>
                        <b>Duration: </b>5s
                        
                     </div>
                  </div>
               </td>
            </tr>
            <tr>
               <td colspan="4" class="detailsBox">
                  <div id="Testcases.First_LearnTestcases_byStatus_failed_FAIL2_exception"
                       class="testMethodDetails">
                     <pre style="padding: 5px; margin: 0;">org.openqa.selenium.NoSuchElementException: Can't locate an element by this strategy: Locator map: 
                        - native content: "By.xpath: //android.widget.RelativeLayout[@index='1']" 
                        - html content: "by id or name "Selectcourse7th""
                        For documentation on this error, please visit: http://seleniumhq.org/exceptions/no_such_element.html
                        Build info: version: '2.47.1', revision: '411b314', time: '2015-07-30 02:56:46'
                        System info: host: 'TNLINDDSK183', ip: '192.168.56.1', os.name: 'Windows 7', os.arch: 'amd64', os.version: '6.1', java.version:
                        '1.7.0_71'
                        Driver info: driver.version: unknown
                        	at io.appium.java_client.pagefactory.AppiumElementLocator.findElement(AppiumElementLocator.java:185)
                        	at io.appium.java_client.pagefactory.ElementInterceptor.intercept(ElementInterceptor.java:46)
                        	at io.appium.java_client.android.AndroidElement$$EnhancerByCGLIB$$c823a655.click(&lt;generated&gt;)
                        	at BaseMethods.Selectcoursepage.click7th(Selectcoursepage.java:58)
                        	at Testcases.First.LearnTestcases(First.java:80)
                        	at sun.reflect.NativeMethodAccessorImpl.invoke0(Native Method)
                        	at sun.reflect.NativeMethodAccessorImpl.invoke(NativeMethodAccessorImpl.java:57)
                        	at sun.reflect.DelegatingMethodAccessorImpl.invoke(DelegatingMethodAccessorImpl.java:43)
                        	at java.lang.reflect.Method.invoke(Method.java:606)
                        	at org.testng.internal.MethodInvocationHelper.invokeMethod(MethodInvocationHelper.java:84)
                        	at org.testng.internal.Invoker.invokeMethod(Invoker.java:714)
                        	at org.testng.internal.Invoker.invokeTestMethod(Invoker.java:901)
                        	at org.testng.internal.Invoker.invokeTestMethods(Invoker.java:1231)
                        	at org.testng.internal.TestMethodWorker.invokeTestMethods(TestMethodWorker.java:127)
                        	at org.testng.internal.TestMethodWorker.run(TestMethodWorker.java:111)
                        	at org.testng.TestRunner.privateRun(TestRunner.java:767)
                        	at org.testng.TestRunner.run(TestRunner.java:617)
                        	at org.testng.SuiteRunner.runTest(SuiteRunner.java:334)
                        	at org.testng.SuiteRunner.runSequentially(SuiteRunner.java:329)
                        	at org.testng.SuiteRunner.privateRun(SuiteRunner.java:291)
                        	at org.testng.SuiteRunner.run(SuiteRunner.java:240)
                        	at org.testng.SuiteRunnerWorker.runSuite(SuiteRunnerWorker.java:52)
                        	at org.testng.SuiteRunnerWorker.run(SuiteRunnerWorker.java:86)
                        	at org.testng.TestNG.runSuitesSequentially(TestNG.java:1224)
                        	at org.testng.TestNG.runSuitesLocally(TestNG.java:1149)
                        	at org.testng.TestNG.run(TestNG.java:1057)
                        	at org.testng.TestNG.privateMain(TestNG.java:1364)
                        	at org.testng.TestNG.main(TestNG.java:1333)
                     </pre>
                  </div>
               </td>
            </tr>
            <tr id="Testcases.First_launch_byStatus_passed_PASS1_row"
                class="testMethodStatusPASS testMethodStatusCONF">
               <td width="100%" class="firstMethodCell">
                  <a onclick="toggleDetailsVisibility('Testcases.First_launch_byStatus_passed_PASS1_details')">launch()</a>
               </td>
               <td nowrap="true">15:05:51</td>
               <td nowrap="true" align="right">56s
                  
               </td>
               <td nowrap="true">
                   
                  
               </td>
            </tr>
            <tr>
               <td colspan="4" class="detailsBox">
                  <div id="Testcases.First_launch_byStatus_passed_PASS1_details"
                       class="testMethodDetails">
                     <div>
                        <b>Name: </b>launch
                     </div>
                     <div>
                        <b>Signature: </b>launch()[pri:0, instance:Testcases.First@27e33378]
                     </div>
                     <div>
                        <b>Start time: </b>15:05:51
                     </div>
                     <div>
                        <b>End time: </b>15:06:47
                     </div>
                     <div>
                        <b>Duration: </b>56s
                        
                     </div>
                  </div>
               </td>
            </tr>
            <tr></tr>
            <tr id="Testcases.First_screenshot_byStatus_passed_PASS2_row"
                class="testMethodStatusPASS testMethodStatusCONF">
               <td width="100%" class="firstMethodCell">
                  <a onclick="toggleDetailsVisibility('Testcases.First_screenshot_byStatus_passed_PASS2_details')">screenshot([TestResult name=LearnTestcases status=FAILURE method=First.LearnTestcases(java.lang.String, java.lang.String,
                     java.lang.String, java.lang.String, java.lang.String, java.lang.String)[pri:0, instance:Testcases.First@27e33378] output={null}])
                  </a>
               </td>
               <td nowrap="true">15:06:52</td>
               <td nowrap="true" align="right">2s
                  
               </td>
               <td nowrap="true">
                   
                  
               </td>
            </tr>
            <tr>
               <td colspan="4" class="detailsBox">
                  <div id="Testcases.First_screenshot_byStatus_passed_PASS2_details"
                       class="testMethodDetails">
                     <div>
                        <b>Name: </b>screenshot
                     </div>
                     <div>
                        <b>Signature: </b>screenshot(org.testng.ITestResult)[pri:0, instance:Testcases.First@27e33378]
                     </div>
                     <div>
                        <b>Parameters: </b>
                        
                        [TestResult name=LearnTestcases status=FAILURE method=First.LearnTestcases(java.lang.String, java.lang.String, java.lang.String,
                        java.lang.String, java.lang.String, java.lang.String)[pri:0, instance:Testcases.First@27e33378] output={null}]
                        
                        
                     </div>
                     <div>
                        <b>Start time: </b>15:06:52
                     </div>
                     <div>
                        <b>End time: </b>15:06:54
                     </div>
                     <div>
                        <b>Duration: </b>2s
                        
                     </div>
                  </div>
               </td>
            </tr>
            <tr></tr>
            <tr id="Testcases.First_launch_byStatus_passed_PASS3_row"
                class="testMethodStatusPASS testMethodStatusCONF">
               <td width="100%" class="firstMethodCell">
                  <a onclick="toggleDetailsVisibility('Testcases.First_launch_byStatus_passed_PASS3_details')">launch()</a>
               </td>
               <td nowrap="true">15:06:54</td>
               <td nowrap="true" align="right">55s
                  
               </td>
               <td nowrap="true">
                   
                  
               </td>
            </tr>
            <tr>
               <td colspan="4" class="detailsBox">
                  <div id="Testcases.First_launch_byStatus_passed_PASS3_details"
                       class="testMethodDetails">
                     <div>
                        <b>Name: </b>launch
                     </div>
                     <div>
                        <b>Signature: </b>launch()[pri:0, instance:Testcases.First@27e33378]
                     </div>
                     <div>
                        <b>Start time: </b>15:06:54
                     </div>
                     <div>
                        <b>End time: </b>15:07:50
                     </div>
                     <div>
                        <b>Duration: </b>55s
                        
                     </div>
                  </div>
               </td>
            </tr>
            <tr></tr>
            <tr id="Testcases.First_screenshot_byStatus_passed_PASS4_row"
                class="testMethodStatusPASS testMethodStatusCONF">
               <td width="100%" class="firstMethodCell">
                  <a onclick="toggleDetailsVisibility('Testcases.First_screenshot_byStatus_passed_PASS4_details')">screenshot([TestResult name=LearnTestcases status=FAILURE method=First.LearnTestcases(java.lang.String, java.lang.String,
                     java.lang.String, java.lang.String, java.lang.String, java.lang.String)[pri:0, instance:Testcases.First@27e33378] output={null}])
                  </a>
               </td>
               <td nowrap="true">15:07:55</td>
               <td nowrap="true" align="right">1s
                  
               </td>
               <td nowrap="true">
                   
                  
               </td>
            </tr>
            <tr>
               <td colspan="4" class="detailsBox">
                  <div id="Testcases.First_screenshot_byStatus_passed_PASS4_details"
                       class="testMethodDetails">
                     <div>
                        <b>Name: </b>screenshot
                     </div>
                     <div>
                        <b>Signature: </b>screenshot(org.testng.ITestResult)[pri:0, instance:Testcases.First@27e33378]
                     </div>
                     <div>
                        <b>Parameters: </b>
                        
                        [TestResult name=LearnTestcases status=FAILURE method=First.LearnTestcases(java.lang.String, java.lang.String, java.lang.String,
                        java.lang.String, java.lang.String, java.lang.String)[pri:0, instance:Testcases.First@27e33378] output={null}]
                        
                        
                     </div>
                     <div>
                        <b>Start time: </b>15:07:55
                     </div>
                     <div>
                        <b>End time: </b>15:07:57
                     </div>
                     <div>
                        <b>Duration: </b>1s
                        
                     </div>
                  </div>
               </td>
            </tr>
            <tr></tr>
         </table>
      </div>
      <div id="testMethodsByClass" style="display: none;">
         <table class="testMethodsTable" cellpadding="0" cellspacing="0">
            <tr>
               <td colspan="4">
                  <h3 style="display: inline;">Testcases.First</h3>
               </td>
            </tr>
            <tr class="methodsTableHeader">
               <td width="100%">Name</td>
               <td nowrap="true">Started</td>
               <td nowrap="true">Duration</td>
               <td>Exception</td>
            </tr>
            <tr id="Testcases.First_launch_byClass_PASS1_row"
                class="testMethodStatusPASS testMethodStatusCONF">
               <td width="100%" class="firstMethodCell">
                  <a onclick="toggleDetailsVisibility('Testcases.First_launch_byClass_PASS1_details')">launch()</a>
               </td>
               <td nowrap="true">15:05:51</td>
               <td nowrap="true" align="right">56s
                  
               </td>
               <td nowrap="true">
                   
                  
               </td>
            </tr>
            <tr>
               <td colspan="4" class="detailsBox">
                  <div id="Testcases.First_launch_byClass_PASS1_details" class="testMethodDetails">
                     <div>
                        <b>Name: </b>launch
                     </div>
                     <div>
                        <b>Signature: </b>launch()[pri:0, instance:Testcases.First@27e33378]
                     </div>
                     <div>
                        <b>Start time: </b>15:05:51
                     </div>
                     <div>
                        <b>End time: </b>15:06:47
                     </div>
                     <div>
                        <b>Duration: </b>56s
                        
                     </div>
                  </div>
               </td>
            </tr>
            <tr></tr>
            <tr id="Testcases.First_LearnTestcases_byClass_FAIL2_row"
                class="testMethodStatusFAIL">
               <td width="100%" class="firstMethodCell">
                  <a onclick="toggleDetailsVisibility('Testcases.First_LearnTestcases_byClass_FAIL2_details')">LearnTestcases(Y
                     
                     ,
                     
                     Check for the select course test is displayed or Not
                     
                     ,
                     
                     TC_1
                     
                     ,
                     
                     Select a course
                     
                     ,
                     
                     
                     
                     ,
                     
                     Please create an account to track your progress and get personalized analysis for Test and Video completion.)
                  </a>
               </td>
               <td nowrap="true">15:06:47</td>
               <td nowrap="true" align="right">5s
                  
               </td>
               <td nowrap="true">
                  <a onclick="toggleDetailsVisibility('Testcases.First_LearnTestcases_byClass_FAIL2_exception')">org.openqa.selenium.NoSuchElementException: 
                     Can't locate an element by this strategy: Locator map: 
                     - native content: "By.xpath: //android.widget.RelativeLayout[@index='1']" 
                     - html content: "by id or name "Selectcourse7th""
                     For documentation on this error, please visit: http://seleniumhq.org/exceptions/no_such_element.html
                     Build info: version: '2.47.1', revision: '411b314', time: '2015-07-30 02:56:46'
                     System info: host: 'TNLINDDSK183', ip: '192.168.56.1', os.name: 'Windows 7', os.arch: 'amd64', os.version: '6.1', java.version:
                     '1.7.0_71'
                     Driver info: driver.version: unknown
                     
                  </a>
                   
                  
               </td>
            </tr>
            <tr>
               <td colspan="4" class="detailsBox">
                  <div id="Testcases.First_LearnTestcases_byClass_FAIL2_details"
                       class="testMethodDetails">
                     <div>
                        <b>Name: </b>LearnTestcases
                     </div>
                     <div>
                        <b>Signature: </b>LearnTestcases(java.lang.String, java.lang.String, java.lang.String, java.lang.String, java.lang.String, java.lang.String)[pri:0,
                        instance:Testcases.First@27e33378]
                     </div>
                     <div>
                        <b>Parameters: </b>
                        
                        Y
                        
                        ,
                        
                        Check for the select course test is displayed or Not
                        
                        ,
                        
                        TC_1
                        
                        ,
                        
                        Select a course
                        
                        ,
                        
                        
                        
                        ,
                        
                        Please create an account to track your progress and get personalized analysis for Test and Video completion.
                        
                        
                     </div>
                     <div>
                        <b>Start time: </b>15:06:47
                     </div>
                     <div>
                        <b>End time: </b>15:06:52
                     </div>
                     <div>
                        <b>Duration: </b>5s
                        
                     </div>
                  </div>
               </td>
            </tr>
            <tr>
               <td colspan="4" class="detailsBox">
                  <div id="Testcases.First_LearnTestcases_byClass_FAIL2_exception"
                       class="testMethodDetails">
                     <pre style="padding: 5px; margin: 0;">org.openqa.selenium.NoSuchElementException: Can't locate an element by this strategy: Locator map: 
                        - native content: "By.xpath: //android.widget.RelativeLayout[@index='1']" 
                        - html content: "by id or name "Selectcourse7th""
                        For documentation on this error, please visit: http://seleniumhq.org/exceptions/no_such_element.html
                        Build info: version: '2.47.1', revision: '411b314', time: '2015-07-30 02:56:46'
                        System info: host: 'TNLINDDSK183', ip: '192.168.56.1', os.name: 'Windows 7', os.arch: 'amd64', os.version: '6.1', java.version:
                        '1.7.0_71'
                        Driver info: driver.version: unknown
                        	at io.appium.java_client.pagefactory.AppiumElementLocator.findElement(AppiumElementLocator.java:185)
                        	at io.appium.java_client.pagefactory.ElementInterceptor.intercept(ElementInterceptor.java:46)
                        	at io.appium.java_client.android.AndroidElement$$EnhancerByCGLIB$$c823a655.click(&lt;generated&gt;)
                        	at BaseMethods.Selectcoursepage.click7th(Selectcoursepage.java:58)
                        	at Testcases.First.LearnTestcases(First.java:80)
                        	at sun.reflect.NativeMethodAccessorImpl.invoke0(Native Method)
                        	at sun.reflect.NativeMethodAccessorImpl.invoke(NativeMethodAccessorImpl.java:57)
                        	at sun.reflect.DelegatingMethodAccessorImpl.invoke(DelegatingMethodAccessorImpl.java:43)
                        	at java.lang.reflect.Method.invoke(Method.java:606)
                        	at org.testng.internal.MethodInvocationHelper.invokeMethod(MethodInvocationHelper.java:84)
                        	at org.testng.internal.Invoker.invokeMethod(Invoker.java:714)
                        	at org.testng.internal.Invoker.invokeTestMethod(Invoker.java:901)
                        	at org.testng.internal.Invoker.invokeTestMethods(Invoker.java:1231)
                        	at org.testng.internal.TestMethodWorker.invokeTestMethods(TestMethodWorker.java:127)
                        	at org.testng.internal.TestMethodWorker.run(TestMethodWorker.java:111)
                        	at org.testng.TestRunner.privateRun(TestRunner.java:767)
                        	at org.testng.TestRunner.run(TestRunner.java:617)
                        	at org.testng.SuiteRunner.runTest(SuiteRunner.java:334)
                        	at org.testng.SuiteRunner.runSequentially(SuiteRunner.java:329)
                        	at org.testng.SuiteRunner.privateRun(SuiteRunner.java:291)
                        	at org.testng.SuiteRunner.run(SuiteRunner.java:240)
                        	at org.testng.SuiteRunnerWorker.runSuite(SuiteRunnerWorker.java:52)
                        	at org.testng.SuiteRunnerWorker.run(SuiteRunnerWorker.java:86)
                        	at org.testng.TestNG.runSuitesSequentially(TestNG.java:1224)
                        	at org.testng.TestNG.runSuitesLocally(TestNG.java:1149)
                        	at org.testng.TestNG.run(TestNG.java:1057)
                        	at org.testng.TestNG.privateMain(TestNG.java:1364)
                        	at org.testng.TestNG.main(TestNG.java:1333)
                     </pre>
                  </div>
               </td>
            </tr>
            <tr id="Testcases.First_screenshot_byClass_PASS3_row"
                class="testMethodStatusPASS testMethodStatusCONF">
               <td width="100%" class="firstMethodCell">
                  <a onclick="toggleDetailsVisibility('Testcases.First_screenshot_byClass_PASS3_details')">screenshot([TestResult name=LearnTestcases status=FAILURE method=First.LearnTestcases(java.lang.String, java.lang.String,
                     java.lang.String, java.lang.String, java.lang.String, java.lang.String)[pri:0, instance:Testcases.First@27e33378] output={null}])
                  </a>
               </td>
               <td nowrap="true">15:06:52</td>
               <td nowrap="true" align="right">2s
                  
               </td>
               <td nowrap="true">
                   
                  
               </td>
            </tr>
            <tr>
               <td colspan="4" class="detailsBox">
                  <div id="Testcases.First_screenshot_byClass_PASS3_details" class="testMethodDetails">
                     <div>
                        <b>Name: </b>screenshot
                     </div>
                     <div>
                        <b>Signature: </b>screenshot(org.testng.ITestResult)[pri:0, instance:Testcases.First@27e33378]
                     </div>
                     <div>
                        <b>Parameters: </b>
                        
                        [TestResult name=LearnTestcases status=FAILURE method=First.LearnTestcases(java.lang.String, java.lang.String, java.lang.String,
                        java.lang.String, java.lang.String, java.lang.String)[pri:0, instance:Testcases.First@27e33378] output={null}]
                        
                        
                     </div>
                     <div>
                        <b>Start time: </b>15:06:52
                     </div>
                     <div>
                        <b>End time: </b>15:06:54
                     </div>
                     <div>
                        <b>Duration: </b>2s
                        
                     </div>
                  </div>
               </td>
            </tr>
            <tr></tr>
            <tr id="Testcases.First_launch_byClass_PASS4_row"
                class="testMethodStatusPASS testMethodStatusCONF">
               <td width="100%" class="firstMethodCell">
                  <a onclick="toggleDetailsVisibility('Testcases.First_launch_byClass_PASS4_details')">launch()</a>
               </td>
               <td nowrap="true">15:06:54</td>
               <td nowrap="true" align="right">55s
                  
               </td>
               <td nowrap="true">
                   
                  
               </td>
            </tr>
            <tr>
               <td colspan="4" class="detailsBox">
                  <div id="Testcases.First_launch_byClass_PASS4_details" class="testMethodDetails">
                     <div>
                        <b>Name: </b>launch
                     </div>
                     <div>
                        <b>Signature: </b>launch()[pri:0, instance:Testcases.First@27e33378]
                     </div>
                     <div>
                        <b>Start time: </b>15:06:54
                     </div>
                     <div>
                        <b>End time: </b>15:07:50
                     </div>
                     <div>
                        <b>Duration: </b>55s
                        
                     </div>
                  </div>
               </td>
            </tr>
            <tr></tr>
            <tr id="Testcases.First_LearnTestcases_byClass_FAIL5_row"
                class="testMethodStatusFAIL">
               <td width="100%" class="firstMethodCell">
                  <a onclick="toggleDetailsVisibility('Testcases.First_LearnTestcases_byClass_FAIL5_details')">LearnTestcases(Y
                     
                     ,
                     
                     Check for the select course test is displayed or Not
                     
                     ,
                     
                     TC_2
                     
                     ,
                     
                     
                     
                     ,
                     
                     
                     
                     ,
                     
                     djsjsfkdjfkdsgnfjgbh)
                  </a>
               </td>
               <td nowrap="true">15:07:50</td>
               <td nowrap="true" align="right">5s
                  
               </td>
               <td nowrap="true">
                  <a onclick="toggleDetailsVisibility('Testcases.First_LearnTestcases_byClass_FAIL5_exception')">org.openqa.selenium.NoSuchElementException: 
                     Can't locate an element by this strategy: Locator map: 
                     - native content: "By.xpath: //android.widget.RelativeLayout[@index='1']" 
                     - html content: "by id or name "Selectcourse7th""
                     For documentation on this error, please visit: http://seleniumhq.org/exceptions/no_such_element.html
                     Build info: version: '2.47.1', revision: '411b314', time: '2015-07-30 02:56:46'
                     System info: host: 'TNLINDDSK183', ip: '192.168.56.1', os.name: 'Windows 7', os.arch: 'amd64', os.version: '6.1', java.version:
                     '1.7.0_71'
                     Driver info: driver.version: unknown
                     
                  </a>
                   
                  
               </td>
            </tr>
            <tr>
               <td colspan="4" class="detailsBox">
                  <div id="Testcases.First_LearnTestcases_byClass_FAIL5_details"
                       class="testMethodDetails">
                     <div>
                        <b>Name: </b>LearnTestcases
                     </div>
                     <div>
                        <b>Signature: </b>LearnTestcases(java.lang.String, java.lang.String, java.lang.String, java.lang.String, java.lang.String, java.lang.String)[pri:0,
                        instance:Testcases.First@27e33378]
                     </div>
                     <div>
                        <b>Parameters: </b>
                        
                        Y
                        
                        ,
                        
                        Check for the select course test is displayed or Not
                        
                        ,
                        
                        TC_2
                        
                        ,
                        
                        
                        
                        ,
                        
                        
                        
                        ,
                        
                        djsjsfkdjfkdsgnfjgbh
                        
                        
                     </div>
                     <div>
                        <b>Start time: </b>15:07:50
                     </div>
                     <div>
                        <b>End time: </b>15:07:55
                     </div>
                     <div>
                        <b>Duration: </b>5s
                        
                     </div>
                  </div>
               </td>
            </tr>
            <tr>
               <td colspan="4" class="detailsBox">
                  <div id="Testcases.First_LearnTestcases_byClass_FAIL5_exception"
                       class="testMethodDetails">
                     <pre style="padding: 5px; margin: 0;">org.openqa.selenium.NoSuchElementException: Can't locate an element by this strategy: Locator map: 
                        - native content: "By.xpath: //android.widget.RelativeLayout[@index='1']" 
                        - html content: "by id or name "Selectcourse7th""
                        For documentation on this error, please visit: http://seleniumhq.org/exceptions/no_such_element.html
                        Build info: version: '2.47.1', revision: '411b314', time: '2015-07-30 02:56:46'
                        System info: host: 'TNLINDDSK183', ip: '192.168.56.1', os.name: 'Windows 7', os.arch: 'amd64', os.version: '6.1', java.version:
                        '1.7.0_71'
                        Driver info: driver.version: unknown
                        	at io.appium.java_client.pagefactory.AppiumElementLocator.findElement(AppiumElementLocator.java:185)
                        	at io.appium.java_client.pagefactory.ElementInterceptor.intercept(ElementInterceptor.java:46)
                        	at io.appium.java_client.android.AndroidElement$$EnhancerByCGLIB$$c823a655.click(&lt;generated&gt;)
                        	at BaseMethods.Selectcoursepage.click7th(Selectcoursepage.java:58)
                        	at Testcases.First.LearnTestcases(First.java:80)
                        	at sun.reflect.NativeMethodAccessorImpl.invoke0(Native Method)
                        	at sun.reflect.NativeMethodAccessorImpl.invoke(NativeMethodAccessorImpl.java:57)
                        	at sun.reflect.DelegatingMethodAccessorImpl.invoke(DelegatingMethodAccessorImpl.java:43)
                        	at java.lang.reflect.Method.invoke(Method.java:606)
                        	at org.testng.internal.MethodInvocationHelper.invokeMethod(MethodInvocationHelper.java:84)
                        	at org.testng.internal.Invoker.invokeMethod(Invoker.java:714)
                        	at org.testng.internal.Invoker.invokeTestMethod(Invoker.java:901)
                        	at org.testng.internal.Invoker.invokeTestMethods(Invoker.java:1231)
                        	at org.testng.internal.TestMethodWorker.invokeTestMethods(TestMethodWorker.java:127)
                        	at org.testng.internal.TestMethodWorker.run(TestMethodWorker.java:111)
                        	at org.testng.TestRunner.privateRun(TestRunner.java:767)
                        	at org.testng.TestRunner.run(TestRunner.java:617)
                        	at org.testng.SuiteRunner.runTest(SuiteRunner.java:334)
                        	at org.testng.SuiteRunner.runSequentially(SuiteRunner.java:329)
                        	at org.testng.SuiteRunner.privateRun(SuiteRunner.java:291)
                        	at org.testng.SuiteRunner.run(SuiteRunner.java:240)
                        	at org.testng.SuiteRunnerWorker.runSuite(SuiteRunnerWorker.java:52)
                        	at org.testng.SuiteRunnerWorker.run(SuiteRunnerWorker.java:86)
                        	at org.testng.TestNG.runSuitesSequentially(TestNG.java:1224)
                        	at org.testng.TestNG.runSuitesLocally(TestNG.java:1149)
                        	at org.testng.TestNG.run(TestNG.java:1057)
                        	at org.testng.TestNG.privateMain(TestNG.java:1364)
                        	at org.testng.TestNG.main(TestNG.java:1333)
                     </pre>
                  </div>
               </td>
            </tr>
            <tr id="Testcases.First_screenshot_byClass_PASS6_row"
                class="testMethodStatusPASS testMethodStatusCONF">
               <td width="100%" class="firstMethodCell">
                  <a onclick="toggleDetailsVisibility('Testcases.First_screenshot_byClass_PASS6_details')">screenshot([TestResult name=LearnTestcases status=FAILURE method=First.LearnTestcases(java.lang.String, java.lang.String,
                     java.lang.String, java.lang.String, java.lang.String, java.lang.String)[pri:0, instance:Testcases.First@27e33378] output={null}])
                  </a>
               </td>
               <td nowrap="true">15:07:55</td>
               <td nowrap="true" align="right">1s
                  
               </td>
               <td nowrap="true">
                   
                  
               </td>
            </tr>
            <tr>
               <td colspan="4" class="detailsBox">
                  <div id="Testcases.First_screenshot_byClass_PASS6_details" class="testMethodDetails">
                     <div>
                        <b>Name: </b>screenshot
                     </div>
                     <div>
                        <b>Signature: </b>screenshot(org.testng.ITestResult)[pri:0, instance:Testcases.First@27e33378]
                     </div>
                     <div>
                        <b>Parameters: </b>
                        
                        [TestResult name=LearnTestcases status=FAILURE method=First.LearnTestcases(java.lang.String, java.lang.String, java.lang.String,
                        java.lang.String, java.lang.String, java.lang.String)[pri:0, instance:Testcases.First@27e33378] output={null}]
                        
                        
                     </div>
                     <div>
                        <b>Start time: </b>15:07:55
                     </div>
                     <div>
                        <b>End time: </b>15:07:57
                     </div>
                     <div>
                        <b>Duration: </b>1s
                        
                     </div>
                  </div>
               </td>
            </tr>
            <tr></tr>
         </table>
         <br></br>
      </div>
      <div style="margin-top: 15px; color: gray; text-align: center; font-size: 9px;">
         Generated with
         
         <a href="http://code.google.com/p/testng-xslt/" style="color: #8888aa;"
            target="_blank">
            TestNG XSLT
            
         </a>
      </div>
   </body>
</html>